# JRE version: OpenJDK Runtime Environment Microsoft-7208460 (11.0.18+10) (build 11.0.18+10-LTS)
# Java VM: OpenJDK 64-Bit Server VM Microsoft-7208460 (11.0.18+10-LTS, mixed mode, tiered, compressed oops, g1 gc, windows-amd64)
Heap:
 garbage-first heap   total 157696K, used 94208K [0x0000000081400000, 0x0000000100000000)
  region size 1024K, 1 young (1024K), 1 survivors (1024K)
 Metaspace       used 81226K, capacity 82107K, committed 82224K, reserved 1130496K
  class space    used 8594K, capacity 8956K, committed 9052K, reserved 1048576K
GC Heap History (20 events):
Event: 49.218 GC heap before
{Heap before GC invocations=11 (full 0):
 garbage-first heap   total 157696K, used 110592K [0x0000000081400000, 0x0000000100000000)
  region size 1024K, 64 young (65536K), 8 survivors (8192K)
 Metaspace       used 67181K, capacity 68048K, committed 68304K, reserved 1110016K
  class space    used 7455K, capacity 7801K, committed 7932K, reserved 1048576K
}
Event: 49.257 GC heap after
{Heap after GC invocations=12 (full 0):
 garbage-first heap   total 157696K, used 58880K [0x0000000081400000, 0x0000000100000000)
  region size 1024K, 6 young (6144K), 6 survivors (6144K)
 Metaspace       used 67181K, capacity 68048K, committed 68304K, reserved 1110016K
  class space    used 7455K, capacity 7801K, committed 7932K, reserved 1048576K
}
Event: 58.597 GC heap before
{Heap before GC invocations=12 (full 0):
 garbage-first heap   total 157696K, used 118272K [0x0000000081400000, 0x0000000100000000)
  region size 1024K, 61 young (62464K), 6 survivors (6144K)
 Metaspace       used 69388K, capacity 70298K, committed 70480K, reserved 1112064K
  class space    used 7622K, capacity 7987K, committed 8060K, reserved 1048576K
}
Event: 58.628 GC heap after
{Heap after GC invocations=13 (full 0):
 garbage-first heap   total 157696K, used 66918K [0x0000000081400000, 0x0000000100000000)
  region size 1024K, 7 young (7168K), 7 survivors (7168K)
 Metaspace       used 69388K, capacity 70298K, committed 70480K, reserved 1112064K
  class space    used 7622K, capacity 7987K, committed 8060K, reserved 1048576K
}
Event: 69.862 GC heap before
{Heap before GC invocations=13 (full 0):
 garbage-first heap   total 157696K, used 120166K [0x0000000081400000, 0x0000000100000000)
  region size 1024K, 59 young (60416K), 7 survivors (7168K)
 Metaspace       used 70219K, capacity 71078K, committed 71376K, reserved 1112064K
  class space    used 7683K, capacity 8054K, committed 8188K, reserved 1048576K
}
Event: 69.894 GC heap after
{Heap after GC invocations=14 (full 0):
 garbage-first heap   total 157696K, used 71013K [0x0000000081400000, 0x0000000100000000)
  region size 1024K, 4 young (4096K), 4 survivors (4096K)
 Metaspace       used 70219K, capacity 71078K, committed 71376K, reserved 1112064K
  class space    used 7683K, capacity 8054K, committed 8188K, reserved 1048576K
}
Event: 77.340 GC heap before
{Heap before GC invocations=14 (full 0):
 garbage-first heap   total 157696K, used 123237K [0x0000000081400000, 0x0000000100000000)
  region size 1024K, 55 young (56320K), 4 survivors (4096K)
 Metaspace       used 70632K, capacity 71544K, committed 71888K, reserved 1114112K
  class space    used 7689K, capacity 8056K, committed 8188K, reserved 1048576K
}
Event: 77.362 GC heap after
{Heap after GC invocations=15 (full 0):
 garbage-first heap   total 157696K, used 73876K [0x0000000081400000, 0x0000000100000000)
  region size 1024K, 7 young (7168K), 7 survivors (7168K)
 Metaspace       used 70632K, capacity 71544K, committed 71888K, reserved 1114112K
  class space    used 7689K, capacity 8056K, committed 8188K, reserved 1048576K
}
Event: 84.756 GC heap before
{Heap before GC invocations=15 (full 0):
 garbage-first heap   total 157696K, used 126100K [0x0000000081400000, 0x0000000100000000)
  region size 1024K, 58 young (59392K), 7 survivors (7168K)
 Metaspace       used 70925K, capacity 71874K, committed 72144K, reserved 1114112K
  class space    used 7701K, capacity 8058K, committed 8188K, reserved 1048576K
}
Event: 84.791 GC heap after
{Heap after GC invocations=16 (full 0):
 garbage-first heap   total 157696K, used 78062K [0x0000000081400000, 0x0000000100000000)
  region size 1024K, 8 young (8192K), 8 survivors (8192K)
 Metaspace       used 70925K, capacity 71874K, committed 72144K, reserved 1114112K
  class space    used 7701K, capacity 8058K, committed 8188K, reserved 1048576K
}
Event: 93.431 GC heap before
{Heap before GC invocations=16 (full 0):
 garbage-first heap   total 157696K, used 128238K [0x0000000081400000, 0x0000000100000000)
  region size 1024K, 57 young (58368K), 8 survivors (8192K)
 Metaspace       used 71742K, capacity 72717K, committed 72912K, reserved 1114112K
  class space    used 7753K, capacity 8125K, committed 8188K, reserved 1048576K
}
Event: 93.464 GC heap after
{Heap after GC invocations=17 (full 0):
 garbage-first heap   total 157696K, used 80727K [0x0000000081400000, 0x0000000100000000)
  region size 1024K, 3 young (3072K), 3 survivors (3072K)
 Metaspace       used 71742K, capacity 72717K, committed 72912K, reserved 1114112K
  class space    used 7753K, capacity 8125K, committed 8188K, reserved 1048576K
}
Event: 98.026 GC heap before
{Heap before GC invocations=17 (full 0):
 garbage-first heap   total 157696K, used 126807K [0x0000000081400000, 0x0000000100000000)
  region size 1024K, 49 young (50176K), 3 survivors (3072K)
 Metaspace       used 76988K, capacity 77880K, committed 78000K, reserved 1118208K
  class space    used 8204K, capacity 8571K, committed 8668K, reserved 1048576K
}
Event: 98.046 GC heap after
{Heap after GC invocations=18 (full 0):
 garbage-first heap   total 157696K, used 81723K [0x0000000081400000, 0x0000000100000000)
  region size 1024K, 4 young (4096K), 4 survivors (4096K)
 Metaspace       used 76988K, capacity 77880K, committed 78000K, reserved 1118208K
  class space    used 8204K, capacity 8571K, committed 8668K, reserved 1048576K
}
Event: 103.838 GC heap before
{Heap before GC invocations=19 (full 0):
 garbage-first heap   total 157696K, used 130875K [0x0000000081400000, 0x0000000100000000)
  region size 1024K, 52 young (53248K), 4 survivors (4096K)
 Metaspace       used 78851K, capacity 79768K, committed 79920K, reserved 1120256K
  class space    used 8343K, capacity 8731K, committed 8796K, reserved 1048576K
}
Event: 103.894 GC heap after
{Heap after GC invocations=20 (full 0):
 garbage-first heap   total 157696K, used 87012K [0x0000000081400000, 0x0000000100000000)
  region size 1024K, 7 young (7168K), 7 survivors (7168K)
 Metaspace       used 78851K, capacity 79768K, committed 79920K, reserved 1120256K
  class space    used 8343K, capacity 8731K, committed 8796K, reserved 1048576K
}
Event: 107.433 GC heap before
{Heap before GC invocations=21 (full 0):
 garbage-first heap   total 157696K, used 131044K [0x0000000081400000, 0x0000000100000000)
  region size 1024K, 50 young (51200K), 7 survivors (7168K)
 Metaspace       used 79379K, capacity 80312K, committed 80432K, reserved 1120256K
  class space    used 8395K, capacity 8763K, committed 8796K, reserved 1048576K
}
Event: 107.475 GC heap after
{Heap after GC invocations=22 (full 0):
 garbage-first heap   total 157696K, used 93688K [0x0000000081400000, 0x0000000100000000)
  region size 1024K, 7 young (7168K), 7 survivors (7168K)
 Metaspace       used 79379K, capacity 80312K, committed 80432K, reserved 1120256K
  class space    used 8395K, capacity 8763K, committed 8796K, reserved 1048576K
}
Event: 108.259 GC heap before
{Heap before GC invocations=22 (full 0):
 garbage-first heap   total 157696K, used 102904K [0x0000000081400000, 0x0000000100000000)
  region size 1024K, 17 young (17408K), 7 survivors (7168K)
 Metaspace       used 81226K, capacity 82107K, committed 82224K, reserved 1128448K
  class space    used 8594K, capacity 8956K, committed 9052K, reserved 1048576K
}
Event: 108.277 GC heap after
{Heap after GC invocations=23 (full 0):
 garbage-first heap   total 157696K, used 94208K [0x0000000081400000, 0x0000000100000000)
  region size 1024K, 1 young (1024K), 1 survivors (1024K)
 Metaspace       used 81226K, capacity 82107K, committed 82224K, reserved 1128448K
  class space    used 8594K, capacity 8956K, committed 9052K, reserved 1048576K
}

